<?xml version="1.0" encoding="UTF-8"?>
<robot generator="Robot 7.0 (Python 3.12.1 on win32)" generated="2025-07-04T10:55:46.258761" rpa="false" schemaversion="5">
<suite id="s1" name="TestCasesLogin" source="C:\Users\v8\Documents\VS Code\V8TECH\Parabank\PageObject\Login\TestCasesLogin.robot">
<test id="s1-t1" name="QBEF-01 Login com sucesso" line="10">
<kw name="Dado que eu acesse o site Parabank" owner="setup_teardown" type="SETUP">
<kw name="Open Browser" owner="SeleniumLibrary">
<msg time="2025-07-04T10:55:46.661690" level="INFO">Opening browser 'chrome' to base url 'http://parabank.parasoft.com'.</msg>
<arg>url=${URL_DEV}</arg>
<arg>browser=chrome</arg>
<doc>Opens a new browser instance to the optional ``url``.</doc>
<status status="PASS" start="2025-07-04T10:55:46.661690" elapsed="4.852245"/>
</kw>
<kw name="Maximize Browser Window" owner="SeleniumLibrary">
<doc>Maximizes current browser window.</doc>
<status status="PASS" start="2025-07-04T10:55:51.515969" elapsed="0.127708"/>
</kw>
<status status="PASS" start="2025-07-04T10:55:46.661690" elapsed="4.981987"/>
</kw>
<kw name="Dado que o usuário esteja na tela de Login" owner="KeywordsLogin">
<kw name="Wait Until Element Is Visible" owner="SeleniumLibrary">
<arg>${CAMPO_USUARIO}</arg>
<arg>10s</arg>
<doc>Waits until the element ``locator`` is visible.</doc>
<status status="PASS" start="2025-07-04T10:55:51.652899" elapsed="0.056625"/>
</kw>
<kw name="Element Should Be Visible" owner="SeleniumLibrary">
<msg time="2025-07-04T10:55:51.733557" level="INFO">Element 'css:input[name="username"]' is displayed.</msg>
<arg>${CAMPO_USUARIO}</arg>
<doc>Verifies that the element identified by ``locator`` is visible.</doc>
<status status="PASS" start="2025-07-04T10:55:51.709524" elapsed="0.024033"/>
</kw>
<kw name="Wait Until Element Is Visible" owner="SeleniumLibrary">
<arg>${CAMPO_SENHA}</arg>
<arg>10s</arg>
<doc>Waits until the element ``locator`` is visible.</doc>
<status status="PASS" start="2025-07-04T10:55:51.733557" elapsed="0.033495"/>
</kw>
<kw name="Element Should Be Visible" owner="SeleniumLibrary">
<msg time="2025-07-04T10:55:51.791509" level="INFO">Element 'css:input[name="password"]' is displayed.</msg>
<arg>${CAMPO_SENHA}</arg>
<doc>Verifies that the element identified by ``locator`` is visible.</doc>
<status status="PASS" start="2025-07-04T10:55:51.767052" elapsed="0.024457"/>
</kw>
<kw name="Capturar Print Na Pasta Da Funcionalidade" owner="Common">
<kw name="Capture Page Screenshot" owner="SeleniumLibrary">
<msg time="2025-07-04T10:55:52.015450" level="INFO" html="true">&lt;/td&gt;&lt;/tr&gt;&lt;tr&gt;&lt;td colspan="3"&gt;&lt;a href="../PageObject/Login/Screenshots/QBEF-01%20step-01.png"&gt;&lt;img src="../PageObject/Login/Screenshots/QBEF-01%20step-01.png" width="800px"&gt;&lt;/a&gt;</msg>
<arg>${EXECDIR}/${caminho_da_pasta}/${nome_arquivo}.png</arg>
<doc>Takes a screenshot of the current page and embeds it into a log file.</doc>
<status status="PASS" start="2025-07-04T10:55:51.796103" elapsed="0.219347"/>
</kw>
<arg>QBEF-01 step-01</arg>
<arg>PageObject/Login/Screenshots</arg>
<status status="PASS" start="2025-07-04T10:55:51.796103" elapsed="0.219347"/>
</kw>
<status status="PASS" start="2025-07-04T10:55:51.651966" elapsed="0.363484"/>
</kw>
<kw name="Quando o usuário preencher os campos de usuario e senha" owner="KeywordsLogin">
<kw name="Input Text" owner="SeleniumLibrary">
<msg time="2025-07-04T10:55:52.015450" level="INFO">Typing text 'john' into text field 'css:input[name="username"]'.</msg>
<arg>${CAMPO_USUARIO}</arg>
<arg>${usuario}</arg>
<doc>Types the given ``text`` into the text field identified by ``locator``.</doc>
<status status="PASS" start="2025-07-04T10:55:52.015450" elapsed="0.145508"/>
</kw>
<kw name="Input Text" owner="SeleniumLibrary">
<msg time="2025-07-04T10:55:52.163473" level="INFO">Typing text 'demo' into text field 'css:input[name="password"]'.</msg>
<arg>${CAMPO_SENHA}</arg>
<arg>${senha}</arg>
<doc>Types the given ``text`` into the text field identified by ``locator``.</doc>
<status status="PASS" start="2025-07-04T10:55:52.163473" elapsed="0.193223"/>
</kw>
<kw name="Capturar Print Na Pasta Da Funcionalidade" owner="Common">
<kw name="Capture Page Screenshot" owner="SeleniumLibrary">
<msg time="2025-07-04T10:55:52.584054" level="INFO" html="true">&lt;/td&gt;&lt;/tr&gt;&lt;tr&gt;&lt;td colspan="3"&gt;&lt;a href="../PageObject/Login/Screenshots/QBEF-01%20step-02.png"&gt;&lt;img src="../PageObject/Login/Screenshots/QBEF-01%20step-02.png" width="800px"&gt;&lt;/a&gt;</msg>
<arg>${EXECDIR}/${caminho_da_pasta}/${nome_arquivo}.png</arg>
<doc>Takes a screenshot of the current page and embeds it into a log file.</doc>
<status status="PASS" start="2025-07-04T10:55:52.356696" elapsed="0.227358"/>
</kw>
<arg>QBEF-01 step-02</arg>
<arg>PageObject/Login/Screenshots</arg>
<status status="PASS" start="2025-07-04T10:55:52.356696" elapsed="0.227358"/>
</kw>
<kw name="Click Button" owner="SeleniumLibrary">
<msg time="2025-07-04T10:55:52.584054" level="INFO">Clicking button 'css:input[type='submit'][value="Log In"]'.</msg>
<arg>${BOTAO_LOGIN}</arg>
<doc>Clicks the button identified by ``locator``.</doc>
<status status="PASS" start="2025-07-04T10:55:52.584054" elapsed="0.989357"/>
</kw>
<arg>${USUARIO_VALIDO}</arg>
<arg>${SENHA_VALIDO}</arg>
<status status="PASS" start="2025-07-04T10:55:52.015450" elapsed="1.557961"/>
</kw>
<kw name="Então deve ser redirecionado para a página inicial" owner="KeywordsLogin">
<kw name="Wait Until Element Is Visible" owner="SeleniumLibrary">
<arg>${BTN_LOGOUT}</arg>
<arg>10s</arg>
<doc>Waits until the element ``locator`` is visible.</doc>
<status status="PASS" start="2025-07-04T10:55:53.573411" elapsed="0.048614"/>
</kw>
<kw name="Element Should Be Visible" owner="SeleniumLibrary">
<msg time="2025-07-04T10:55:53.662685" level="INFO">Element 'css:a[href="logout.htm"]' is displayed.</msg>
<arg>${BTN_LOGOUT}</arg>
<doc>Verifies that the element identified by ``locator`` is visible.</doc>
<status status="PASS" start="2025-07-04T10:55:53.622025" elapsed="0.040660"/>
</kw>
<kw name="Capturar Print Na Pasta Da Funcionalidade" owner="Common">
<kw name="Capture Page Screenshot" owner="SeleniumLibrary">
<msg time="2025-07-04T10:55:53.876875" level="INFO" html="true">&lt;/td&gt;&lt;/tr&gt;&lt;tr&gt;&lt;td colspan="3"&gt;&lt;a href="../PageObject/Login/Screenshots/QBEF-01%20step-03.png"&gt;&lt;img src="../PageObject/Login/Screenshots/QBEF-01%20step-03.png" width="800px"&gt;&lt;/a&gt;</msg>
<arg>${EXECDIR}/${caminho_da_pasta}/${nome_arquivo}.png</arg>
<doc>Takes a screenshot of the current page and embeds it into a log file.</doc>
<status status="PASS" start="2025-07-04T10:55:53.662685" elapsed="0.214190"/>
</kw>
<arg>QBEF-01 step-03</arg>
<arg>PageObject/Login/Screenshots</arg>
<status status="PASS" start="2025-07-04T10:55:53.662685" elapsed="0.214190"/>
</kw>
<status status="PASS" start="2025-07-04T10:55:53.573411" elapsed="0.303464"/>
</kw>
<kw name="Fechar o navegador" owner="setup_teardown" type="TEARDOWN">
<kw name="Close Browser" owner="SeleniumLibrary">
<doc>Closes the current browser.</doc>
<status status="PASS" start="2025-07-04T10:55:53.876875" elapsed="2.280238"/>
</kw>
<status status="PASS" start="2025-07-04T10:55:53.876875" elapsed="2.280238"/>
</kw>
<tag>Login</tag>
<tag>Positive</tag>
<status status="PASS" start="2025-07-04T10:55:46.661690" elapsed="9.495423"/>
</test>
<test id="s1-t2" name="QBEF-02 Login com falha" line="16">
<kw name="Dado que eu acesse o site Parabank" owner="setup_teardown" type="SETUP">
<kw name="Open Browser" owner="SeleniumLibrary">
<msg time="2025-07-04T10:55:56.157113" level="INFO">Opening browser 'chrome' to base url 'http://parabank.parasoft.com'.</msg>
<arg>url=${URL_DEV}</arg>
<arg>browser=chrome</arg>
<doc>Opens a new browser instance to the optional ``url``.</doc>
<status status="PASS" start="2025-07-04T10:55:56.157113" elapsed="3.674266"/>
</kw>
<kw name="Maximize Browser Window" owner="SeleniumLibrary">
<doc>Maximizes current browser window.</doc>
<status status="PASS" start="2025-07-04T10:55:59.831379" elapsed="0.114685"/>
</kw>
<status status="PASS" start="2025-07-04T10:55:56.157113" elapsed="3.788951"/>
</kw>
<kw name="Dado que o usuário esteja na tela de Login" owner="KeywordsLogin">
<kw name="Wait Until Element Is Visible" owner="SeleniumLibrary">
<arg>${CAMPO_USUARIO}</arg>
<arg>10s</arg>
<doc>Waits until the element ``locator`` is visible.</doc>
<status status="PASS" start="2025-07-04T10:55:59.949521" elapsed="0.062534"/>
</kw>
<kw name="Element Should Be Visible" owner="SeleniumLibrary">
<msg time="2025-07-04T10:56:00.035882" level="INFO">Element 'css:input[name="username"]' is displayed.</msg>
<arg>${CAMPO_USUARIO}</arg>
<doc>Verifies that the element identified by ``locator`` is visible.</doc>
<status status="PASS" start="2025-07-04T10:56:00.012055" elapsed="0.031981"/>
</kw>
<kw name="Wait Until Element Is Visible" owner="SeleniumLibrary">
<arg>${CAMPO_SENHA}</arg>
<arg>10s</arg>
<doc>Waits until the element ``locator`` is visible.</doc>
<status status="PASS" start="2025-07-04T10:56:00.044036" elapsed="0.033004"/>
</kw>
<kw name="Element Should Be Visible" owner="SeleniumLibrary">
<msg time="2025-07-04T10:56:00.101460" level="INFO">Element 'css:input[name="password"]' is displayed.</msg>
<arg>${CAMPO_SENHA}</arg>
<doc>Verifies that the element identified by ``locator`` is visible.</doc>
<status status="PASS" start="2025-07-04T10:56:00.077040" elapsed="0.024420"/>
</kw>
<kw name="Capturar Print Na Pasta Da Funcionalidade" owner="Common">
<kw name="Capture Page Screenshot" owner="SeleniumLibrary">
<msg time="2025-07-04T10:56:00.353968" level="INFO" html="true">&lt;/td&gt;&lt;/tr&gt;&lt;tr&gt;&lt;td colspan="3"&gt;&lt;a href="../PageObject/Login/Screenshots/QBEF-01%20step-01.png"&gt;&lt;img src="../PageObject/Login/Screenshots/QBEF-01%20step-01.png" width="800px"&gt;&lt;/a&gt;</msg>
<arg>${EXECDIR}/${caminho_da_pasta}/${nome_arquivo}.png</arg>
<doc>Takes a screenshot of the current page and embeds it into a log file.</doc>
<status status="PASS" start="2025-07-04T10:56:00.101460" elapsed="0.252508"/>
</kw>
<arg>QBEF-01 step-01</arg>
<arg>PageObject/Login/Screenshots</arg>
<status status="PASS" start="2025-07-04T10:56:00.101460" elapsed="0.252508"/>
</kw>
<status status="PASS" start="2025-07-04T10:55:59.948792" elapsed="0.405176"/>
</kw>
<kw name="Quando o usuário preencher os campos de usuario e senha inválidos" owner="KeywordsLogin">
<kw name="Input Text" owner="SeleniumLibrary">
<msg time="2025-07-04T10:56:00.358268" level="INFO">Typing text 'teste' into text field 'css:input[name="username"]'.</msg>
<arg>${CAMPO_USUARIO}</arg>
<arg>${usuario}</arg>
<doc>Types the given ``text`` into the text field identified by ``locator``.</doc>
<status status="PASS" start="2025-07-04T10:56:00.358268" elapsed="0.132945"/>
</kw>
<kw name="Input Text" owner="SeleniumLibrary">
<msg time="2025-07-04T10:56:00.491213" level="INFO">Typing text 'teste' into text field 'css:input[name="password"]'.</msg>
<arg>${CAMPO_SENHA}</arg>
<arg>${senha}</arg>
<doc>Types the given ``text`` into the text field identified by ``locator``.</doc>
<status status="PASS" start="2025-07-04T10:56:00.491213" elapsed="0.187351"/>
</kw>
<kw name="Capturar Print Na Pasta Da Funcionalidade" owner="Common">
<kw name="Capture Page Screenshot" owner="SeleniumLibrary">
<msg time="2025-07-04T10:56:00.902870" level="INFO" html="true">&lt;/td&gt;&lt;/tr&gt;&lt;tr&gt;&lt;td colspan="3"&gt;&lt;a href="../PageObject/Login/Screenshots/QBEF-02%20step-02.png"&gt;&lt;img src="../PageObject/Login/Screenshots/QBEF-02%20step-02.png" width="800px"&gt;&lt;/a&gt;</msg>
<arg>${EXECDIR}/${caminho_da_pasta}/${nome_arquivo}.png</arg>
<doc>Takes a screenshot of the current page and embeds it into a log file.</doc>
<status status="PASS" start="2025-07-04T10:56:00.679113" elapsed="0.223757"/>
</kw>
<arg>QBEF-02 step-02</arg>
<arg>PageObject/Login/Screenshots</arg>
<status status="PASS" start="2025-07-04T10:56:00.679113" elapsed="0.223757"/>
</kw>
<kw name="Click Button" owner="SeleniumLibrary">
<msg time="2025-07-04T10:56:00.902870" level="INFO">Clicking button 'css:input[type='submit'][value="Log In"]'.</msg>
<arg>${BOTAO_LOGIN}</arg>
<doc>Clicks the button identified by ``locator``.</doc>
<status status="PASS" start="2025-07-04T10:56:00.902870" elapsed="1.021877"/>
</kw>
<arg>${USUARIO_INVALIDO}</arg>
<arg>${SENHA_INVALIDO}</arg>
<status status="PASS" start="2025-07-04T10:56:00.353968" elapsed="1.570779"/>
</kw>
<kw name="Então deve ver uma mensagem de erro de login" owner="KeywordsLogin">
<kw name="Wait Until Element Is Visible" owner="SeleniumLibrary">
<arg>${MENSAGEM_ERRO1}</arg>
<arg>10s</arg>
<doc>Waits until the element ``locator`` is visible.</doc>
<status status="PASS" start="2025-07-04T10:56:01.927126" elapsed="0.061907"/>
</kw>
<kw name="Element Should Be Enabled" owner="SeleniumLibrary">
<arg>${MENSAGEM_ERRO1}</arg>
<doc>Verifies that element identified by ``locator`` is enabled.</doc>
<status status="PASS" start="2025-07-04T10:56:01.989033" elapsed="0.044709"/>
</kw>
<kw name="Capturar Print Na Pasta Da Funcionalidade" owner="Common">
<kw name="Capture Page Screenshot" owner="SeleniumLibrary">
<msg time="2025-07-04T10:56:02.252147" level="INFO" html="true">&lt;/td&gt;&lt;/tr&gt;&lt;tr&gt;&lt;td colspan="3"&gt;&lt;a href="../PageObject/Login/Screenshots/QBEF-02%20step-03.png"&gt;&lt;img src="../PageObject/Login/Screenshots/QBEF-02%20step-03.png" width="800px"&gt;&lt;/a&gt;</msg>
<arg>${EXECDIR}/${caminho_da_pasta}/${nome_arquivo}.png</arg>
<doc>Takes a screenshot of the current page and embeds it into a log file.</doc>
<status status="PASS" start="2025-07-04T10:56:02.033742" elapsed="0.218405"/>
</kw>
<arg>QBEF-02 step-03</arg>
<arg>PageObject/Login/Screenshots</arg>
<status status="PASS" start="2025-07-04T10:56:02.033742" elapsed="0.220166"/>
</kw>
<status status="PASS" start="2025-07-04T10:56:01.927126" elapsed="0.326782"/>
</kw>
<kw name="Fechar o navegador" owner="setup_teardown" type="TEARDOWN">
<kw name="Close Browser" owner="SeleniumLibrary">
<doc>Closes the current browser.</doc>
<status status="PASS" start="2025-07-04T10:56:02.253908" elapsed="2.293881"/>
</kw>
<status status="PASS" start="2025-07-04T10:56:02.253908" elapsed="2.293881"/>
</kw>
<tag>Login</tag>
<tag>Negative</tag>
<status status="PASS" start="2025-07-04T10:55:56.157113" elapsed="8.392539"/>
</test>
<test id="s1-t3" name="QBEF-03 Login com campos vazios" line="22">
<kw name="Dado que eu acesse o site Parabank" owner="setup_teardown" type="SETUP">
<kw name="Open Browser" owner="SeleniumLibrary">
<msg time="2025-07-04T10:56:04.549652" level="INFO">Opening browser 'chrome' to base url 'http://parabank.parasoft.com'.</msg>
<arg>url=${URL_DEV}</arg>
<arg>browser=chrome</arg>
<doc>Opens a new browser instance to the optional ``url``.</doc>
<status status="PASS" start="2025-07-04T10:56:04.549652" elapsed="4.037998"/>
</kw>
<kw name="Maximize Browser Window" owner="SeleniumLibrary">
<doc>Maximizes current browser window.</doc>
<status status="PASS" start="2025-07-04T10:56:08.587650" elapsed="0.074210"/>
</kw>
<status status="PASS" start="2025-07-04T10:56:04.549652" elapsed="4.112208"/>
</kw>
<kw name="Dado que o usuário esteja na tela de Login" owner="KeywordsLogin">
<kw name="Wait Until Element Is Visible" owner="SeleniumLibrary">
<arg>${CAMPO_USUARIO}</arg>
<arg>10s</arg>
<doc>Waits until the element ``locator`` is visible.</doc>
<status status="PASS" start="2025-07-04T10:56:08.661860" elapsed="0.057830"/>
</kw>
<kw name="Element Should Be Visible" owner="SeleniumLibrary">
<msg time="2025-07-04T10:56:08.736064" level="INFO">Element 'css:input[name="username"]' is displayed.</msg>
<arg>${CAMPO_USUARIO}</arg>
<doc>Verifies that the element identified by ``locator`` is visible.</doc>
<status status="PASS" start="2025-07-04T10:56:08.719690" elapsed="0.016374"/>
</kw>
<kw name="Wait Until Element Is Visible" owner="SeleniumLibrary">
<arg>${CAMPO_SENHA}</arg>
<arg>10s</arg>
<doc>Waits until the element ``locator`` is visible.</doc>
<status status="PASS" start="2025-07-04T10:56:08.736064" elapsed="0.050313"/>
</kw>
<kw name="Element Should Be Visible" owner="SeleniumLibrary">
<msg time="2025-07-04T10:56:08.819866" level="INFO">Element 'css:input[name="password"]' is displayed.</msg>
<arg>${CAMPO_SENHA}</arg>
<doc>Verifies that the element identified by ``locator`` is visible.</doc>
<status status="PASS" start="2025-07-04T10:56:08.794362" elapsed="0.025504"/>
</kw>
<kw name="Capturar Print Na Pasta Da Funcionalidade" owner="Common">
<kw name="Capture Page Screenshot" owner="SeleniumLibrary">
<msg time="2025-07-04T10:56:09.068053" level="INFO" html="true">&lt;/td&gt;&lt;/tr&gt;&lt;tr&gt;&lt;td colspan="3"&gt;&lt;a href="../PageObject/Login/Screenshots/QBEF-01%20step-01.png"&gt;&lt;img src="../PageObject/Login/Screenshots/QBEF-01%20step-01.png" width="800px"&gt;&lt;/a&gt;</msg>
<arg>${EXECDIR}/${caminho_da_pasta}/${nome_arquivo}.png</arg>
<doc>Takes a screenshot of the current page and embeds it into a log file.</doc>
<status status="PASS" start="2025-07-04T10:56:08.819866" elapsed="0.248187"/>
</kw>
<arg>QBEF-01 step-01</arg>
<arg>PageObject/Login/Screenshots</arg>
<status status="PASS" start="2025-07-04T10:56:08.819866" elapsed="0.248187"/>
</kw>
<status status="PASS" start="2025-07-04T10:56:08.661860" elapsed="0.406193"/>
</kw>
<kw name="Quando o usuário preencher os campos de usuario e senha vazios" owner="KeywordsLogin">
<kw name="Input Text" owner="SeleniumLibrary">
<msg time="2025-07-04T10:56:09.068053" level="INFO">Typing text '' into text field 'css:input[name="username"]'.</msg>
<arg>${CAMPO_USUARIO}</arg>
<arg>${usuario}</arg>
<doc>Types the given ``text`` into the text field identified by ``locator``.</doc>
<status status="PASS" start="2025-07-04T10:56:09.068053" elapsed="0.098991"/>
</kw>
<kw name="Input Text" owner="SeleniumLibrary">
<msg time="2025-07-04T10:56:09.167044" level="INFO">Typing text '' into text field 'css:input[name="password"]'.</msg>
<arg>${CAMPO_SENHA}</arg>
<arg>${senha}</arg>
<doc>Types the given ``text`` into the text field identified by ``locator``.</doc>
<status status="PASS" start="2025-07-04T10:56:09.167044" elapsed="0.148879"/>
</kw>
<kw name="Capturar Print Na Pasta Da Funcionalidade" owner="Common">
<kw name="Capture Page Screenshot" owner="SeleniumLibrary">
<msg time="2025-07-04T10:56:09.531611" level="INFO" html="true">&lt;/td&gt;&lt;/tr&gt;&lt;tr&gt;&lt;td colspan="3"&gt;&lt;a href="../PageObject/Login/Screenshots/QBEF-03%20step-02.png"&gt;&lt;img src="../PageObject/Login/Screenshots/QBEF-03%20step-02.png" width="800px"&gt;&lt;/a&gt;</msg>
<arg>${EXECDIR}/${caminho_da_pasta}/${nome_arquivo}.png</arg>
<doc>Takes a screenshot of the current page and embeds it into a log file.</doc>
<status status="PASS" start="2025-07-04T10:56:09.315923" elapsed="0.215688"/>
</kw>
<arg>QBEF-03 step-02</arg>
<arg>PageObject/Login/Screenshots</arg>
<status status="PASS" start="2025-07-04T10:56:09.315923" elapsed="0.215688"/>
</kw>
<kw name="Click Button" owner="SeleniumLibrary">
<msg time="2025-07-04T10:56:09.531611" level="INFO">Clicking button 'css:input[type='submit'][value="Log In"]'.</msg>
<arg>${BOTAO_LOGIN}</arg>
<doc>Clicks the button identified by ``locator``.</doc>
<status status="PASS" start="2025-07-04T10:56:09.531611" elapsed="0.865965"/>
</kw>
<arg>${EMPTY}</arg>
<arg>${EMPTY}</arg>
<status status="PASS" start="2025-07-04T10:56:09.068053" elapsed="1.329523"/>
</kw>
<kw name="Então deve ver uma mensagem de erro de campos vazios" owner="KeywordsLogin">
<kw name="Wait Until Element Is Visible" owner="SeleniumLibrary">
<arg>${MENSAGEM_ERRO1}</arg>
<arg>10s</arg>
<doc>Waits until the element ``locator`` is visible.</doc>
<status status="PASS" start="2025-07-04T10:56:10.397576" elapsed="0.052129"/>
</kw>
<kw name="Element Should Be Enabled" owner="SeleniumLibrary">
<arg>${MENSAGEM_ERRO1}</arg>
<doc>Verifies that element identified by ``locator`` is enabled.</doc>
<status status="PASS" start="2025-07-04T10:56:10.449705" elapsed="0.032934"/>
</kw>
<kw name="Capturar Print Na Pasta Da Funcionalidade" owner="Common">
<kw name="Capture Page Screenshot" owner="SeleniumLibrary">
<msg time="2025-07-04T10:56:10.690198" level="INFO" html="true">&lt;/td&gt;&lt;/tr&gt;&lt;tr&gt;&lt;td colspan="3"&gt;&lt;a href="../PageObject/Login/Screenshots/QBEF-03%20step-03.png"&gt;&lt;img src="../PageObject/Login/Screenshots/QBEF-03%20step-03.png" width="800px"&gt;&lt;/a&gt;</msg>
<arg>${EXECDIR}/${caminho_da_pasta}/${nome_arquivo}.png</arg>
<doc>Takes a screenshot of the current page and embeds it into a log file.</doc>
<status status="PASS" start="2025-07-04T10:56:10.482639" elapsed="0.207559"/>
</kw>
<arg>QBEF-03 step-03</arg>
<arg>PageObject/Login/Screenshots</arg>
<status status="PASS" start="2025-07-04T10:56:10.482639" elapsed="0.207559"/>
</kw>
<status status="PASS" start="2025-07-04T10:56:10.397576" elapsed="0.292622"/>
</kw>
<kw name="Fechar o navegador" owner="setup_teardown" type="TEARDOWN">
<kw name="Close Browser" owner="SeleniumLibrary">
<doc>Closes the current browser.</doc>
<status status="PASS" start="2025-07-04T10:56:10.690198" elapsed="2.290177"/>
</kw>
<status status="PASS" start="2025-07-04T10:56:10.690198" elapsed="2.291956"/>
</kw>
<tag>Login</tag>
<tag>Negative</tag>
<status status="PASS" start="2025-07-04T10:56:04.549652" elapsed="8.433258"/>
</test>
<status status="PASS" start="2025-07-04T10:55:46.261414" elapsed="26.721496"/>
</suite>
<statistics>
<total>
<stat pass="3" fail="0" skip="0">All Tests</stat>
</total>
<tag>
<stat pass="3" fail="0" skip="0">Login</stat>
<stat pass="2" fail="0" skip="0">Negative</stat>
<stat pass="1" fail="0" skip="0">Positive</stat>
</tag>
<suite>
<stat pass="3" fail="0" skip="0" id="s1" name="TestCasesLogin">TestCasesLogin</stat>
</suite>
</statistics>
<errors>
</errors>
</robot>
